<?xml version="1.0" encoding="UTF-8"?>
<testng-results ignored="0" total="1" passed="1" failed="0" skipped="0">
  <reporter-output>
  </reporter-output>
  <suite started-at="2026-03-27T10:37:38 IST" name="Suite" finished-at="2026-03-27T10:37:58 IST" duration-ms="19947">
    <groups>
    </groups>
    <test started-at="2026-03-27T10:37:38 IST" name="Test" finished-at="2026-03-27T10:37:58 IST" duration-ms="19947">
      <class name="tests.DropDownTest">
        <test-method is-config="true" signature="setUp()[pri:0, instance:tests.DropDownTest@1fa121e2]" started-at="2026-03-27T10:37:38 IST" name="setUp" finished-at="2026-03-27T10:37:49 IST" duration-ms="10482" status="PASS">
          <reporter-output>
          </reporter-output>
        </test-method> <!-- setUp -->
        <test-method signature="testCreateAccountDropdown()[pri:0, instance:tests.DropDownTest@1fa121e2]" started-at="2026-03-27T10:37:49 IST" name="testCreateAccountDropdown" finished-at="2026-03-27T10:37:56 IST" duration-ms="7235" status="PASS">
          <reporter-output>
          </reporter-output>
        </test-method> <!-- testCreateAccountDropdown -->
        <test-method is-config="true" signature="tearDown()[pri:0, instance:tests.DropDownTest@1fa121e2]" started-at="2026-03-27T10:37:56 IST" name="tearDown" finished-at="2026-03-27T10:37:58 IST" duration-ms="2169" status="PASS">
          <reporter-output>
          </reporter-output>
        </test-method> <!-- tearDown -->
      </class> <!-- tests.DropDownTest -->
    </test> <!-- Test -->
  </suite> <!-- Suite -->
</testng-results>
